2020-03-13 08:22:00.9953|INFO|Microsoft.Hosting.Lifetime|Application started. Press Ctrl+C to shut down.
2020-03-13 08:22:01.0899|INFO|Microsoft.Hosting.Lifetime|Hosting environment: Development
2020-03-13 08:22:01.1015|INFO|Microsoft.Hosting.Lifetime|Content root path: C:\Users\Abdelrahman\Desktop\Project\Facebook
2020-03-13 08:30:05.8032|INFO|Microsoft.Hosting.Lifetime|Application started. Press Ctrl+C to shut down.
2020-03-13 08:30:05.8983|INFO|Microsoft.Hosting.Lifetime|Hosting environment: Development
2020-03-13 08:30:05.8983|INFO|Microsoft.Hosting.Lifetime|Content root path: C:\Users\Abdelrahman\Desktop\Project\Facebook
2020-03-13 08:34:57.3292|INFO|Microsoft.Hosting.Lifetime|Application started. Press Ctrl+C to shut down.
2020-03-13 08:34:57.4072|INFO|Microsoft.Hosting.Lifetime|Hosting environment: Development
2020-03-13 08:34:57.4154|INFO|Microsoft.Hosting.Lifetime|Content root path: C:\Users\Abdelrahman\Desktop\Project\Facebook
2020-03-13 09:17:49.9583|INFO|Microsoft.Hosting.Lifetime|Application started. Press Ctrl+C to shut down.
2020-03-13 09:17:50.0768|INFO|Microsoft.Hosting.Lifetime|Hosting environment: Development
2020-03-13 09:17:50.1082|INFO|Microsoft.Hosting.Lifetime|Content root path: C:\Users\Abdelrahman\Desktop\Project\Facebook
2020-03-13 09:21:57.6607|INFO|Microsoft.Hosting.Lifetime|Application started. Press Ctrl+C to shut down.
2020-03-13 09:21:57.7653|INFO|Microsoft.Hosting.Lifetime|Hosting environment: Development
2020-03-13 09:21:57.7840|INFO|Microsoft.Hosting.Lifetime|Content root path: C:\Users\Abdelrahman\Desktop\Project\Facebook
2020-03-13 09:23:42.2886|INFO|Microsoft.Hosting.Lifetime|Application started. Press Ctrl+C to shut down.
2020-03-13 09:23:42.3835|INFO|Microsoft.Hosting.Lifetime|Hosting environment: Development
2020-03-13 09:23:42.3986|INFO|Microsoft.Hosting.Lifetime|Content root path: C:\Users\Abdelrahman\Desktop\Project\Facebook
2020-03-13 09:30:50.7200|INFO|Microsoft.Hosting.Lifetime|Application started. Press Ctrl+C to shut down.
2020-03-13 09:30:50.8189|INFO|Microsoft.Hosting.Lifetime|Hosting environment: Development
2020-03-13 09:30:50.8336|INFO|Microsoft.Hosting.Lifetime|Content root path: C:\Users\Abdelrahman\Desktop\Project\Facebook
2020-03-13 09:32:26.4927|INFO|Microsoft.Hosting.Lifetime|Application started. Press Ctrl+C to shut down.
2020-03-13 09:32:26.5891|INFO|Microsoft.Hosting.Lifetime|Hosting environment: Development
2020-03-13 09:32:26.5995|INFO|Microsoft.Hosting.Lifetime|Content root path: C:\Users\Abdelrahman\Desktop\Project\Facebook
2020-03-13 09:35:05.4997|INFO|Microsoft.Hosting.Lifetime|Application started. Press Ctrl+C to shut down.
2020-03-13 09:35:05.5767|INFO|Microsoft.Hosting.Lifetime|Hosting environment: Development
2020-03-13 09:35:05.5859|INFO|Microsoft.Hosting.Lifetime|Content root path: C:\Users\Abdelrahman\Desktop\Project\Facebook
2020-03-13 09:36:32.3132|INFO|Microsoft.Hosting.Lifetime|Application started. Press Ctrl+C to shut down.
2020-03-13 09:36:32.4374|INFO|Microsoft.Hosting.Lifetime|Hosting environment: Development
2020-03-13 09:36:32.4628|INFO|Microsoft.Hosting.Lifetime|Content root path: C:\Users\Abdelrahman\Desktop\Project\Facebook
2020-03-13 09:40:12.3333|INFO|Microsoft.Hosting.Lifetime|Application started. Press Ctrl+C to shut down.
2020-03-13 09:40:12.4451|INFO|Microsoft.Hosting.Lifetime|Hosting environment: Development
2020-03-13 09:40:12.4584|INFO|Microsoft.Hosting.Lifetime|Content root path: C:\Users\Abdelrahman\Desktop\Project\Facebook
2020-03-13 10:15:52.2140|INFO|Microsoft.Hosting.Lifetime|Application started. Press Ctrl+C to shut down.
2020-03-13 10:15:52.3327|INFO|Microsoft.Hosting.Lifetime|Hosting environment: Development
2020-03-13 10:15:52.3523|INFO|Microsoft.Hosting.Lifetime|Content root path: C:\Users\Abdelrahman\Desktop\Project\Facebook
2020-03-13 10:16:41.9447|INFO|Microsoft.Hosting.Lifetime|Application started. Press Ctrl+C to shut down.
2020-03-13 10:16:42.1038|INFO|Microsoft.Hosting.Lifetime|Hosting environment: Development
2020-03-13 10:16:42.1188|INFO|Microsoft.Hosting.Lifetime|Content root path: C:\Users\Abdelrahman\Desktop\Project\Facebook
2020-03-13 10:36:53.2939|WARN|Microsoft.AspNetCore.Authentication.Google.GoogleHandler|'.AspNetCore.Correlation.Google.fM-YBjbcgVEa-G0mwYbKqYk1NsMjHyjbZ3uQK-LWVUc' cookie not found.
2020-03-13 10:36:53.4252|ERROR|Microsoft.AspNetCore.Diagnostics.DeveloperExceptionPageMiddleware|An unhandled exception has occurred while executing the request.
2020-03-13 11:10:17.4251|INFO|Microsoft.Hosting.Lifetime|Application started. Press Ctrl+C to shut down.
2020-03-13 11:10:17.9765|INFO|Microsoft.Hosting.Lifetime|Hosting environment: Development
2020-03-13 11:10:18.1281|INFO|Microsoft.Hosting.Lifetime|Content root path: C:\Users\Abdelrahman\Desktop\Project\Facebook
2020-03-13 11:12:13.9641|INFO|Microsoft.Hosting.Lifetime|Application started. Press Ctrl+C to shut down.
2020-03-13 11:12:14.0446|INFO|Microsoft.Hosting.Lifetime|Hosting environment: Development
2020-03-13 11:12:14.0570|INFO|Microsoft.Hosting.Lifetime|Content root path: C:\Users\Abdelrahman\Desktop\Project\Facebook
2020-03-13 11:13:22.2767|INFO|Microsoft.Hosting.Lifetime|Application started. Press Ctrl+C to shut down.
2020-03-13 11:13:22.4001|INFO|Microsoft.Hosting.Lifetime|Hosting environment: Development
2020-03-13 11:13:22.4121|INFO|Microsoft.Hosting.Lifetime|Content root path: C:\Users\Abdelrahman\Desktop\Project\Facebook
2020-03-13 11:14:55.9274|INFO|Microsoft.Hosting.Lifetime|Application started. Press Ctrl+C to shut down.
2020-03-13 11:14:56.3692|INFO|Microsoft.Hosting.Lifetime|Hosting environment: Development
2020-03-13 11:14:56.3823|INFO|Microsoft.Hosting.Lifetime|Content root path: C:\Users\Abdelrahman\Desktop\Project\Facebook
2020-03-13 11:49:34.2964|INFO|Microsoft.Hosting.Lifetime|Application started. Press Ctrl+C to shut down.
2020-03-13 11:49:34.4097|INFO|Microsoft.Hosting.Lifetime|Hosting environment: Development
2020-03-13 11:49:34.4097|INFO|Microsoft.Hosting.Lifetime|Content root path: C:\Users\Abdelrahman\Desktop\Project\Facebook
2020-03-13 11:50:09.9802|INFO|Microsoft.Hosting.Lifetime|Application started. Press Ctrl+C to shut down.
2020-03-13 11:50:10.2654|INFO|Microsoft.Hosting.Lifetime|Hosting environment: Development
2020-03-13 11:50:11.1158|INFO|Microsoft.Hosting.Lifetime|Content root path: C:\Users\Abdelrahman\Desktop\Project\Facebook
2020-03-13 11:50:50.0928|WARN|Microsoft.AspNetCore.Identity.SignInManager|User 413a2988-4ccf-43b1-9408-7928dfcde26c cannot sign in without a confirmed email.
2020-03-13 11:50:50.1766|WARN|Microsoft.AspNetCore.Identity.UserManager|AddLogin for user 413a2988-4ccf-43b1-9408-7928dfcde26c failed because it was already associated with another user.
2020-03-13 11:54:52.6464|WARN|Microsoft.AspNetCore.Identity.UserManager|User f54222e3-5f6d-469e-bd76-c9c03197c514 password validation failed: PasswordRequiresUpper.
2020-03-13 12:12:06.0420|INFO|Microsoft.Hosting.Lifetime|Application started. Press Ctrl+C to shut down.
2020-03-13 12:12:06.2142|INFO|Microsoft.Hosting.Lifetime|Hosting environment: Development
2020-03-13 12:12:06.2335|INFO|Microsoft.Hosting.Lifetime|Content root path: C:\Users\Abdelrahman\Desktop\Project\Facebook
2020-03-13 18:01:31.7066|INFO|Microsoft.Hosting.Lifetime|Application started. Press Ctrl+C to shut down.
2020-03-13 18:01:31.8637|INFO|Microsoft.Hosting.Lifetime|Hosting environment: Development
2020-03-13 18:01:31.9245|INFO|Microsoft.Hosting.Lifetime|Content root path: C:\Users\Abdelrahman\Desktop\Project\Facebook
2020-03-13 18:02:46.6497|ERROR|Microsoft.AspNetCore.Diagnostics.DeveloperExceptionPageMiddleware|An unhandled exception has occurred while executing the request.
2020-03-13 18:12:47.4943|INFO|Microsoft.Hosting.Lifetime|Application started. Press Ctrl+C to shut down.
2020-03-13 18:12:47.5976|INFO|Microsoft.Hosting.Lifetime|Hosting environment: Development
2020-03-13 18:12:47.5976|INFO|Microsoft.Hosting.Lifetime|Content root path: C:\Users\Abdelrahman\Desktop\Project\Facebook
2020-03-13 18:15:34.5945|ERROR|Microsoft.AspNetCore.Diagnostics.DeveloperExceptionPageMiddleware|An unhandled exception has occurred while executing the request.
2020-03-13 18:24:22.8118|INFO|Microsoft.Hosting.Lifetime|Application started. Press Ctrl+C to shut down.
2020-03-13 18:24:23.4092|INFO|Microsoft.Hosting.Lifetime|Hosting environment: Development
2020-03-13 18:24:23.5005|INFO|Microsoft.Hosting.Lifetime|Content root path: C:\Users\Abdelrahman\Desktop\Project\Facebook
2020-03-13 18:25:00.3960|ERROR|Microsoft.AspNetCore.Diagnostics.DeveloperExceptionPageMiddleware|An unhandled exception has occurred while executing the request.
2020-03-13 18:26:49.8440|INFO|Microsoft.Hosting.Lifetime|Application started. Press Ctrl+C to shut down.
2020-03-13 18:26:49.9063|INFO|Microsoft.Hosting.Lifetime|Hosting environment: Development
2020-03-13 18:26:49.9117|INFO|Microsoft.Hosting.Lifetime|Content root path: C:\Users\Abdelrahman\Desktop\Project\Facebook
2020-03-13 18:29:00.0014|INFO|Microsoft.Hosting.Lifetime|Application started. Press Ctrl+C to shut down.
2020-03-13 18:29:00.1280|INFO|Microsoft.Hosting.Lifetime|Hosting environment: Development
2020-03-13 18:29:00.1280|INFO|Microsoft.Hosting.Lifetime|Content root path: C:\Users\Abdelrahman\Desktop\Project\Facebook
2020-03-13 18:35:35.1336|INFO|Microsoft.Hosting.Lifetime|Application started. Press Ctrl+C to shut down.
2020-03-13 18:35:35.6089|INFO|Microsoft.Hosting.Lifetime|Hosting environment: Development
2020-03-13 18:35:35.6283|INFO|Microsoft.Hosting.Lifetime|Content root path: C:\Users\Abdelrahman\Desktop\Project\Facebook
2020-03-13 18:36:43.1742|INFO|Microsoft.Hosting.Lifetime|Application started. Press Ctrl+C to shut down.
2020-03-13 18:36:44.4343|INFO|Microsoft.Hosting.Lifetime|Hosting environment: Development
2020-03-13 18:36:44.8369|INFO|Microsoft.Hosting.Lifetime|Content root path: C:\Users\Abdelrahman\Desktop\Project\Facebook
2020-03-13 18:47:49.8398|INFO|Microsoft.Hosting.Lifetime|Application started. Press Ctrl+C to shut down.
2020-03-13 18:47:49.9659|INFO|Microsoft.Hosting.Lifetime|Hosting environment: Development
2020-03-13 18:47:49.9714|INFO|Microsoft.Hosting.Lifetime|Content root path: C:\Users\Abdelrahman\Desktop\Project\Facebook
2020-03-13 18:48:35.0004|INFO|Microsoft.Hosting.Lifetime|Application started. Press Ctrl+C to shut down.
2020-03-13 18:48:35.1384|INFO|Microsoft.Hosting.Lifetime|Hosting environment: Development
2020-03-13 18:48:35.1559|INFO|Microsoft.Hosting.Lifetime|Content root path: C:\Users\Abdelrahman\Desktop\Project\Facebook
2020-03-13 18:49:32.9705|INFO|Microsoft.Hosting.Lifetime|Application started. Press Ctrl+C to shut down.
2020-03-13 18:49:33.1164|INFO|Microsoft.Hosting.Lifetime|Hosting environment: Development
2020-03-13 18:49:33.1673|INFO|Microsoft.Hosting.Lifetime|Content root path: C:\Users\Abdelrahman\Desktop\Project\Facebook
2020-03-13 18:56:52.9442|INFO|Microsoft.Hosting.Lifetime|Application started. Press Ctrl+C to shut down.
2020-03-13 18:56:53.0323|INFO|Microsoft.Hosting.Lifetime|Hosting environment: Development
2020-03-13 18:56:53.0479|INFO|Microsoft.Hosting.Lifetime|Content root path: C:\Users\Abdelrahman\Desktop\Project\Facebook
2020-03-13 19:05:31.1612|INFO|Microsoft.Hosting.Lifetime|Application started. Press Ctrl+C to shut down.
2020-03-13 19:05:31.3153|INFO|Microsoft.Hosting.Lifetime|Hosting environment: Development
2020-03-13 19:05:31.4090|INFO|Microsoft.Hosting.Lifetime|Content root path: C:\Users\Abdelrahman\Desktop\Project\Facebook
2020-03-13 19:07:47.2413|INFO|Microsoft.Hosting.Lifetime|Application started. Press Ctrl+C to shut down.
2020-03-13 19:07:47.3550|INFO|Microsoft.Hosting.Lifetime|Hosting environment: Development
2020-03-13 19:07:47.3725|INFO|Microsoft.Hosting.Lifetime|Content root path: C:\Users\Abdelrahman\Desktop\Project\Facebook
2020-03-13 19:10:45.0901|INFO|Microsoft.Hosting.Lifetime|Application started. Press Ctrl+C to shut down.
2020-03-13 19:10:46.7252|INFO|Microsoft.Hosting.Lifetime|Hosting environment: Development
2020-03-13 19:10:46.9700|INFO|Microsoft.Hosting.Lifetime|Content root path: C:\Users\Abdelrahman\Desktop\Project\Facebook
2020-03-13 19:15:07.4673|INFO|Microsoft.Hosting.Lifetime|Application started. Press Ctrl+C to shut down.
2020-03-13 19:15:07.6526|INFO|Microsoft.Hosting.Lifetime|Hosting environment: Development
2020-03-13 19:15:07.6838|INFO|Microsoft.Hosting.Lifetime|Content root path: C:\Users\Abdelrahman\Desktop\Project\Facebook
2020-03-13 19:19:33.2394|INFO|Microsoft.Hosting.Lifetime|Application started. Press Ctrl+C to shut down.
2020-03-13 19:19:33.3319|INFO|Microsoft.Hosting.Lifetime|Hosting environment: Development
2020-03-13 19:19:33.3319|INFO|Microsoft.Hosting.Lifetime|Content root path: C:\Users\Abdelrahman\Desktop\Project\Facebook
